avro.final.js:21: WARNING - unreachable code
	return str;
	^

avro.final.js:2249: WARNING - dangerous use of the global this object
        var fixed = this.fixString(input);
                    ^

avro.final.js:2255: WARNING - dangerous use of the global this object
            for(var i = 0; i < this.data.patterns.length; ++i) {
                               ^

avro.final.js:2256: WARNING - dangerous use of the global this object
                var pattern = this.data.patterns[i];
                              ^

avro.final.js:2295: WARNING - dangerous use of the global this object
                                            this.isPunctuation(fixed.charAt(chk))
                                            ^

avro.final.js:2310: WARNING - dangerous use of the global this object
                                            this.isVowel(fixed.charAt(chk))
                                            ^

avro.final.js:2325: WARNING - dangerous use of the global this object
                                            this.isConsonant(fixed.charAt(chk))
                                            ^

avro.final.js:2344: WARNING - dangerous use of the global this object
                                    if(!this.isExact(match.value, fixed, s, e, match.negative)) {
                                        ^

avro.final.js:2380: WARNING - dangerous use of the global this object
            if(this.isCaseSensitive(cChar)) {
               ^

avro.final.js:2389: WARNING - dangerous use of the global this object
        return (this.data.vowel.indexOf(c.toLowerCase()) >= 0);
                ^

avro.final.js:2392: WARNING - dangerous use of the global this object
        return (this.data.consonant.indexOf(c.toLowerCase()) >= 0);
                ^

avro.final.js:2395: WARNING - dangerous use of the global this object
        return (!(this.isVowel(c) || this.isConsonant(c)));
                  ^

avro.final.js:2395: WARNING - dangerous use of the global this object
        return (!(this.isVowel(c) || this.isConsonant(c)));
                                     ^

avro.final.js:2401: WARNING - dangerous use of the global this object
        return (this.data.casesensitive.indexOf(c.toLowerCase()) >= 0);
                ^

avro.final.js:5649: WARNING - dangerous use of the global this object
    this._init();
    ^

avro.final.js:5851: WARNING - dangerous use of the global this object
    this._init();
    ^

0 error(s), 16 warning(s)
